<?xml version="1.0" encoding="UTF-8"?>
<!-- Generated by org.testng.reporters.JUnitReportReporter -->
<testsuite hostname="NsD" failures="0" tests="1" name="Testpckg.FBTestpage" time="16.058" errors="0" timestamp="2024-08-27T10:18:24 IST" skipped="0">
  <testcase classname="Testpckg.FBTestpage" name="FBCredentials" time="16.058"/>
</testsuite> <!-- Testpckg.FBTestpage -->
